<?xml version="1.0" encoding="UTF-8"?>
<!-- Generated by org.testng.reporters.JUnitXMLReporter -->
<testsuite hostname="DESKTOP-GJE7KL3" ignored="0" name="Test1" tests="3" failures="0" timestamp="2022-10-31T14:30:15 CST" time="51.116" errors="0">
  <testcase name="Validate_isbiggerThan" time="9.596" classname="com.testsuite.UnoSuite"/>
  <testcase name="Validate_islessThan" time="10.713" classname="com.testsuite.UnoSuite"/>
  <testcase name="Validate_DontAddProtection" time="15.934" classname="com.testsuite.UnoSuite"/>
</testsuite> <!-- Test1 -->
